<?xml version="1.0" encoding="UTF-8" ?>
<testsuite tests="3" failures="0" name="org.literpc.zookeeper.zkTest" time="0.424" errors="1" skipped="0">
  <properties>
[...]
</properties>
  <testcase classname="org.literpc.zookeeper.zkTest" name="testGetChild" time="0.303"/>
  <testcase classname="org.literpc.zookeeper.zkTest" name="testWatcher" time="0.075"/>
  <testcase classname="org.literpc.zookeeper.zkTest" name="testPersistentNode" time="0.046">
    <error message="KeeperErrorCode = NoNode for /liteRpc" type="org.apache.zookeeper.KeeperException$NoNodeException">org.apache.zookeeper.KeeperException$NoNodeException: KeeperErrorCode = NoNode for /liteRpc
	at org.apache.zookeeper.KeeperException.create(KeeperException.java:111)
	at org.apache.zookeeper.KeeperException.create(KeeperException.java:51)
	at org.apache.zookeeper.ZooKeeper.delete(ZooKeeper.java:873)
	at org.apache.curator.framework.imps.DeleteBuilderImpl$5.call(DeleteBuilderImpl.java:239)
	at org.apache.curator.framework.imps.DeleteBuilderImpl$5.call(DeleteBuilderImpl.java:234)
	at org.apache.curator.RetryLoop.callWithRetry(RetryLoop.java:107)
	at org.apache.curator.framework.imps.DeleteBuilderImpl.pathInForeground(DeleteBuilderImpl.java:230)
	at org.apache.curator.framework.imps.DeleteBuilderImpl.forPath(DeleteBuilderImpl.java:215)
	at org.apache.curator.framework.imps.DeleteBuilderImpl.forPath(DeleteBuilderImpl.java:42)
	at org.literpc.zookeeper.zkTest.testDelete(zkTest.java:87)
	at sun.reflect.NativeMethodAccessorImpl.invoke0(Native Method)
	at sun.reflect.NativeMethodAccessorImpl.invoke(NativeMethodAccessorImpl.java:62)
	at sun.reflect.DelegatingMethodAccessorImpl.invoke(DelegatingMethodAccessorImpl.java:43)
	at java.lang.reflect.Method.invoke(Method.java:498)
	at org.junit.runners.model.FrameworkMethod$1.runReflectiveCall(FrameworkMethod.java:50)
	at org.junit.internal.runners.model.ReflectiveCallable.run(ReflectiveCallable.java:12)
	at org.junit.runners.model.FrameworkMethod.invokeExplosively(FrameworkMethod.java:47)
	at org.junit.internal.runners.statements.RunAfters.evaluate(RunAfters.java:33)
	at org.junit.runners.ParentRunner.runLeaf(ParentRunner.java:325)
	at org.junit.runners.BlockJUnit4ClassRunner.runChild(BlockJUnit4ClassRunner.java:78)
	at org.junit.runners.BlockJUnit4ClassRunner.runChild(BlockJUnit4ClassRunner.java:57)
	at org.junit.runners.ParentRunner$3.run(ParentRunner.java:290)
	at org.junit.runners.ParentRunner$1.schedule(ParentRunner.java:71)
	at org.junit.runners.ParentRunner.runChildren(ParentRunner.java:288)
	at org.junit.runners.ParentRunner.access$000(ParentRunner.java:58)
	at org.junit.runners.ParentRunner$2.evaluate(ParentRunner.java:268)
	at org.junit.runners.ParentRunner.run(ParentRunner.java:363)
	at org.apache.maven.surefire.junit4.JUnit4Provider.execute(JUnit4Provider.java:252)
	at org.apache.maven.surefire.junit4.JUnit4Provider.executeTestSet(JUnit4Provider.java:141)
	at org.apache.maven.surefire.junit4.JUnit4Provider.invoke(JUnit4Provider.java:112)
	at sun.reflect.NativeMethodAccessorImpl.invoke0(Native Method)
	at sun.reflect.NativeMethodAccessorImpl.invoke(NativeMethodAccessorImpl.java:62)
	at sun.reflect.DelegatingMethodAccessorImpl.invoke(DelegatingMethodAccessorImpl.java:43)
	at java.lang.reflect.Method.invoke(Method.java:498)
	at org.apache.maven.surefire.util.ReflectionUtils.invokeMethodWithArray(ReflectionUtils.java:189)
	at org.apache.maven.surefire.booter.ProviderFactory$ProviderProxy.invoke(ProviderFactory.java:165)
	at org.apache.maven.surefire.booter.ProviderFactory.invokeProvider(ProviderFactory.java:85)
	at org.apache.maven.surefire.booter.ForkedBooter.runSuitesInProcess(ForkedBooter.java:115)
	at org.apache.maven.surefire.booter.ForkedBooter.main(ForkedBooter.java:75)
</error>
    <system-out>21:55:05.554 [main] INFO org.apache.curator.framework.imps.CuratorFrameworkImpl - Starting
21:55:05.554 [main] DEBUG org.apache.curator.CuratorZookeeperClient - Starting
21:55:05.554 [main] DEBUG org.apache.curator.ConnectionState - Starting
21:55:05.554 [main] DEBUG org.apache.curator.ConnectionState - reset
21:55:05.554 [main] INFO org.apache.zookeeper.ZooKeeper - Initiating client connection, connectString=192.168.79.128:2181 sessionTimeout=60000 watcher=org.apache.curator.ConnectionState@2aece37d
21:55:05.556 [main-SendThread(192.168.79.128:2181)] INFO org.apache.zookeeper.ClientCnxn - Opening socket connection to server 192.168.79.128/192.168.79.128:2181. Will not attempt to authenticate using SASL (unknown error)
21:55:05.557 [main-SendThread(192.168.79.128:2181)] INFO org.apache.zookeeper.ClientCnxn - Socket connection established to 192.168.79.128/192.168.79.128:2181, initiating session
21:55:05.557 [main-SendThread(192.168.79.128:2181)] DEBUG org.apache.zookeeper.ClientCnxn - Session establishment request sent on 192.168.79.128/192.168.79.128:2181
21:55:05.559 [main-SendThread(192.168.79.128:2181)] DEBUG org.apache.zookeeper.ClientCnxn - Reading reply sessionid:0x17903c57d8c0023, packet:: clientPath:/liteRpc/org.literpc.api.HelloService/127.0.0.1:9988 serverPath:/liteRpc/org.literpc.api.HelloService/127.0.0.1:9988 finished:false header:: 23,4  replyHeader:: 23,442,-101  request:: &apos;/liteRpc/org.literpc.api.HelloService/127.0.0.1:9988,T  response::  
21:55:05.561 [main-SendThread(192.168.79.128:2181)] INFO org.apache.zookeeper.ClientCnxn - Session establishment complete on server 192.168.79.128/192.168.79.128:2181, sessionid = 0x17903c57d8c0024, negotiated timeout = 40000
21:55:05.561 [main-SendThread(192.168.79.128:2181)] DEBUG org.apache.zookeeper.ClientCnxn - Reading reply sessionid:0x17903c57d8c0023, packet:: clientPath:/liteRpc/org.literpc.api.HelloService/127.0.1.1:9988 serverPath:/liteRpc/org.literpc.api.HelloService/127.0.1.1:9988 finished:false header:: 24,4  replyHeader:: 24,443,-101  request:: &apos;/liteRpc/org.literpc.api.HelloService/127.0.1.1:9988,T  response::  
21:55:05.561 [main-EventThread] INFO org.apache.curator.framework.state.ConnectionStateManager - State change: CONNECTED
21:55:05.561 [main-SendThread(192.168.79.128:2181)] DEBUG org.apache.zookeeper.ClientCnxn - Reading reply sessionid:0x17903c57d8c0023, packet:: clientPath:/liteRpc/org.literpc.api.HelloService/127.0.1.2:9988 serverPath:/liteRpc/org.literpc.api.HelloService/127.0.1.2:9988 finished:false header:: 25,4  replyHeader:: 25,443,-101  request:: &apos;/liteRpc/org.literpc.api.HelloService/127.0.1.2:9988,T  response::  
21:55:05.562 [main-SendThread(192.168.79.128:2181)] DEBUG org.apache.zookeeper.ClientCnxn - Reading reply sessionid:0x17903c57d8c0023, packet:: clientPath:/liteRpc/org.literpc.api.HelloService serverPath:/liteRpc/org.literpc.api.HelloService finished:false header:: 26,12  replyHeader:: 26,443,-101  request:: &apos;/liteRpc/org.literpc.api.HelloService,T  response:: v{} 
21:55:05.566 [main-SendThread(192.168.79.128:2181)] DEBUG org.apache.zookeeper.ClientCnxn - Reading reply sessionid:0x17903c57d8c0024, packet:: clientPath:null serverPath:null finished:false header:: 1,3  replyHeader:: 1,443,-101  request:: &apos;/liteRpc/org.literpc.api.HelloService/127.0.0.1:9988,F  response::  
21:55:05.569 [main-SendThread(192.168.79.128:2181)] DEBUG org.apache.zookeeper.ClientCnxn - Reading reply sessionid:0x17903c57d8c0024, packet:: clientPath:null serverPath:null finished:false header:: 2,1  replyHeader:: 2,444,-101  request:: &apos;/liteRpc/org.literpc.api.HelloService/127.0.0.1:9988,#3139322e3136382e37392e31,v{s{31,s{&apos;world,&apos;anyone}}},0  response::  
21:55:05.570 [main-SendThread(192.168.79.128:2181)] DEBUG org.apache.zookeeper.ClientCnxn - Reading reply sessionid:0x17903c57d8c0024, packet:: clientPath:null serverPath:null finished:false header:: 3,3  replyHeader:: 3,444,-101  request:: &apos;/liteRpc,F  response::  
21:55:05.572 [main-SendThread(192.168.79.128:2181)] DEBUG org.apache.zookeeper.ClientCnxn - Reading reply sessionid:0x17903c57d8c0024, packet:: clientPath:null serverPath:null finished:false header:: 4,1  replyHeader:: 4,445,0  request:: &apos;/liteRpc,,v{s{31,s{&apos;world,&apos;anyone}}},0  response:: &apos;/liteRpc 
21:55:05.573 [main-SendThread(192.168.79.128:2181)] DEBUG org.apache.zookeeper.ClientCnxn - Reading reply sessionid:0x17903c57d8c0024, packet:: clientPath:null serverPath:null finished:false header:: 5,3  replyHeader:: 5,445,-101  request:: &apos;/liteRpc/org.literpc.api.HelloService,F  response::  
21:55:05.575 [main-SendThread(192.168.79.128:2181)] DEBUG org.apache.zookeeper.ClientCnxn - Reading reply sessionid:0x17903c57d8c0024, packet:: clientPath:null serverPath:null finished:false header:: 6,1  replyHeader:: 6,446,0  request:: &apos;/liteRpc/org.literpc.api.HelloService,,v{s{31,s{&apos;world,&apos;anyone}}},0  response:: &apos;/liteRpc/org.literpc.api.HelloService 
21:55:05.578 [main-SendThread(192.168.79.128:2181)] DEBUG org.apache.zookeeper.ClientCnxn - Reading reply sessionid:0x17903c57d8c0024, packet:: clientPath:null serverPath:null finished:false header:: 7,1  replyHeader:: 7,447,0  request:: &apos;/liteRpc/org.literpc.api.HelloService/127.0.0.1:9988,#3139322e3136382e37392e31,v{s{31,s{&apos;world,&apos;anyone}}},0  response:: &apos;/liteRpc/org.literpc.api.HelloService/127.0.0.1:9988 
21:55:05.580 [main-SendThread(192.168.79.128:2181)] DEBUG org.apache.zookeeper.ClientCnxn - Reading reply sessionid:0x17903c57d8c0024, packet:: clientPath:null serverPath:null finished:false header:: 8,3  replyHeader:: 8,447,0  request:: &apos;/liteRpc/org.literpc.api.HelloService/127.0.0.1:9988,F  response:: s{447,447,1619272506432,1619272506432,0,0,0,0,12,0,447} 
21:55:05.582 [main-SendThread(192.168.79.128:2181)] DEBUG org.apache.zookeeper.ClientCnxn - Reading reply sessionid:0x17903c57d8c0024, packet:: clientPath:null serverPath:null finished:false header:: 9,2  replyHeader:: 9,448,-111  request:: &apos;/liteRpc,-1  response:: null
21:55:05.584 [main-SendThread(192.168.79.128:2181)] DEBUG org.apache.zookeeper.ClientCnxn - Reading reply sessionid:0x17903c57d8c0024, packet:: clientPath:null serverPath:null finished:false header:: 10,8  replyHeader:: 10,448,0  request:: &apos;/liteRpc,F  response:: v{&apos;org.literpc.api.HelloService} 
21:55:05.585 [main-SendThread(192.168.79.128:2181)] DEBUG org.apache.zookeeper.ClientCnxn - Reading reply sessionid:0x17903c57d8c0024, packet:: clientPath:null serverPath:null finished:false header:: 11,8  replyHeader:: 11,448,0  request:: &apos;/liteRpc/org.literpc.api.HelloService,F  response:: v{&apos;127.0.0.1:9988} 
21:55:05.587 [main-SendThread(192.168.79.128:2181)] DEBUG org.apache.zookeeper.ClientCnxn - Reading reply sessionid:0x17903c57d8c0024, packet:: clientPath:null serverPath:null finished:false header:: 12,8  replyHeader:: 12,448,0  request:: &apos;/liteRpc/org.literpc.api.HelloService/127.0.0.1:9988,F  response:: v{} 
21:55:05.588 [main-SendThread(192.168.79.128:2181)] DEBUG org.apache.zookeeper.ClientCnxn - Reading reply sessionid:0x17903c57d8c0024, packet:: clientPath:null serverPath:null finished:false header:: 13,2  replyHeader:: 13,449,0  request:: &apos;/liteRpc/org.literpc.api.HelloService/127.0.0.1:9988,-1  response:: null
21:55:05.590 [main-SendThread(192.168.79.128:2181)] DEBUG org.apache.zookeeper.ClientCnxn - Reading reply sessionid:0x17903c57d8c0024, packet:: clientPath:null serverPath:null finished:false header:: 14,2  replyHeader:: 14,450,0  request:: &apos;/liteRpc/org.literpc.api.HelloService,-1  response:: null
21:55:05.592 [main-SendThread(192.168.79.128:2181)] DEBUG org.apache.zookeeper.ClientCnxn - Reading reply sessionid:0x17903c57d8c0024, packet:: clientPath:null serverPath:null finished:false header:: 15,2  replyHeader:: 15,451,0  request:: &apos;/liteRpc,-1  response:: null
21:55:05.594 [main-SendThread(192.168.79.128:2181)] DEBUG org.apache.zookeeper.ClientCnxn - Reading reply sessionid:0x17903c57d8c0024, packet:: clientPath:null serverPath:null finished:false header:: 16,3  replyHeader:: 16,451,-101  request:: &apos;/liteRpc/org.literpc.api.HelloService/127.0.0.1:9988,F  response::  
21:55:05.597 [main-SendThread(192.168.79.128:2181)] DEBUG org.apache.zookeeper.ClientCnxn - Reading reply sessionid:0x17903c57d8c0024, packet:: clientPath:null serverPath:null finished:false header:: 17,2  replyHeader:: 17,452,-101  request:: &apos;/liteRpc,-1  response:: null
</system-out>
  </testcase>
</testsuite>